[0m14:35:37.843394 [debug] [MainThread]: Sending event: {'category': 'dbt', 'action': 'invocation', 'label': 'start', 'context': [<snowplow_tracker.self_describing_json.SelfDescribingJson object at 0x000001B560A30990>, <snowplow_tracker.self_describing_json.SelfDescribingJson object at 0x000001B560A238D0>, <snowplow_tracker.self_describing_json.SelfDescribingJson object at 0x000001B560A32510>]}


============================== 14:35:37.843394 | 10d5a5b6-e030-48c3-bdae-fa4a6d524fb1 ==============================
[0m14:35:37.843394 [info ] [MainThread]: Running with dbt=1.11.9
[0m14:35:37.843394 [debug] [MainThread]: running dbt with arguments {'version_check': 'True', 'no_print': 'None', 'static_parser': 'True', 'warn_error_options': 'WarnErrorOptionsV2(error=[], warn=[], silence=[])', 'target_path': 'None', 'printer_width': '80', 'write_json': 'True', 'introspect': 'True', 'log_cache_events': 'False', 'empty': 'None', 'cache_selected_only': 'False', 'fail_fast': 'False', 'debug': 'False', 'log_format': 'default', 'profiles_dir': 'C:\\Users\\mar_z\\.dbt', 'send_anonymous_usage_stats': 'True', 'quiet': 'False', 'warn_error': 'None', 'partial_parse': 'True', 'use_colors': 'True', 'indirect_selection': 'eager', 'invocation_command': 'dbt init dbt_challenge_manuable', 'use_experimental_parser': 'False', 'log_path': 'logs'}
[0m14:35:37.876042 [info ] [MainThread]: Creating dbt configuration folder at C:\Users\mar_z\.dbt
[0m14:35:37.876042 [debug] [MainThread]: Starter project path: C:\Users\mar_z\AppData\Local\Programs\Python\Python311\Lib\site-packages\dbt\include\starter_project
[0m14:35:37.909940 [info ] [MainThread]: 
Your new dbt project "dbt_challenge_manuable" was created!

For more information on how to configure the profiles.yml file,
please consult the dbt documentation here:

  https://docs.getdbt.com/docs/configure-your-profile

One more thing:

Need help? Don't hesitate to reach out to us via GitHub issues or on Slack:

  https://community.getdbt.com/

Happy modeling!

[0m14:35:37.909940 [info ] [MainThread]: Setting up your profile.
[0m14:46:09.795663 [info ] [MainThread]: Profile dbt_challenge_manuable written to C:\Users\mar_z\.dbt\profiles.yml using target's profile_template.yml and your supplied values. Run 'dbt debug' to validate the connection.
[0m14:46:09.799993 [debug] [MainThread]: Command `dbt init` succeeded at 14:46:09.799993 after 632.06 seconds
[0m14:46:09.801980 [debug] [MainThread]: Sending event: {'category': 'dbt', 'action': 'invocation', 'label': 'end', 'context': [<snowplow_tracker.self_describing_json.SelfDescribingJson object at 0x000001B560A223D0>, <snowplow_tracker.self_describing_json.SelfDescribingJson object at 0x000001B55919F150>, <snowplow_tracker.self_describing_json.SelfDescribingJson object at 0x000001B55F6A2050>]}
[0m14:46:09.802983 [debug] [MainThread]: Flushing usage events
[0m14:46:10.525583 [debug] [MainThread]: An error was encountered while trying to flush usage events
[0m14:46:33.743124 [debug] [MainThread]: Sending event: {'category': 'dbt', 'action': 'invocation', 'label': 'start', 'context': [<snowplow_tracker.self_describing_json.SelfDescribingJson object at 0x00000122527DC3D0>, <snowplow_tracker.self_describing_json.SelfDescribingJson object at 0x00000122527DCA10>, <snowplow_tracker.self_describing_json.SelfDescribingJson object at 0x00000122527DC210>]}


============================== 14:46:33.750345 | 8c2c650d-2d78-4435-9388-6303063cf499 ==============================
[0m14:46:33.750345 [info ] [MainThread]: Running with dbt=1.11.9
[0m14:46:33.750345 [debug] [MainThread]: running dbt with arguments {'static_parser': 'True', 'no_print': 'None', 'version_check': 'True', 'warn_error_options': 'WarnErrorOptionsV2(error=[], warn=[], silence=[])', 'target_path': 'None', 'printer_width': '80', 'write_json': 'True', 'introspect': 'True', 'log_cache_events': 'False', 'empty': 'None', 'cache_selected_only': 'False', 'fail_fast': 'False', 'debug': 'False', 'log_format': 'default', 'partial_parse': 'True', 'send_anonymous_usage_stats': 'True', 'quiet': 'False', 'warn_error': 'None', 'profiles_dir': 'C:\\Users\\mar_z\\.dbt', 'indirect_selection': 'eager', 'use_colors': 'True', 'invocation_command': 'dbt debug', 'use_experimental_parser': 'False', 'log_path': 'logs'}
[0m14:46:33.782333 [info ] [MainThread]: dbt version: 1.11.9
[0m14:46:33.782333 [info ] [MainThread]: python version: 3.11.9
[0m14:46:33.782333 [info ] [MainThread]: python path: C:\Users\mar_z\AppData\Local\Programs\Python\Python311\python.exe
[0m14:46:33.782333 [info ] [MainThread]: os info: Windows-10-10.0.26200-SP0
[0m14:46:35.453999 [info ] [MainThread]: Using profiles dir at C:\Users\mar_z\.dbt
[0m14:46:35.456005 [info ] [MainThread]: Using profiles.yml file at C:\Users\mar_z\.dbt\profiles.yml
[0m14:46:35.457761 [info ] [MainThread]: Using dbt_project.yml file at C:\Users\mar_z\Desktop\dbt-challenge-manuable\dbt_project.yml
[0m14:46:35.457761 [info ] [MainThread]: adapter type: bigquery
[0m14:46:35.457761 [info ] [MainThread]: adapter version: 1.11.1
[0m14:46:35.461364 [info ] [MainThread]: Configuration:
[0m14:46:35.464057 [info ] [MainThread]:   profiles.yml file [[32mOK found and valid[0m]
[0m14:46:35.465053 [info ] [MainThread]:   dbt_project.yml file [[31mERROR not found[0m]
[0m14:46:35.466050 [info ] [MainThread]: Required dependencies:
[0m14:46:35.468056 [debug] [MainThread]: Executing "git --help"
[0m14:46:35.536405 [debug] [MainThread]: STDOUT: "b"usage: git [-v | --version] [-h | --help] [-C <path>] [-c <name>=<value>]\n           [--exec-path[=<path>]] [--html-path] [--man-path] [--info-path]\n           [-p | --paginate | -P | --no-pager] [--no-replace-objects] [--no-lazy-fetch]\n           [--no-optional-locks] [--no-advice] [--bare] [--git-dir=<path>]\n           [--work-tree=<path>] [--namespace=<name>] [--config-env=<name>=<envvar>]\n           <command> [<args>]\n\nThese are common Git commands used in various situations:\n\nstart a working area (see also: git help tutorial)\n   clone      Clone a repository into a new directory\n   init       Create an empty Git repository or reinitialize an existing one\n\nwork on the current change (see also: git help everyday)\n   add        Add file contents to the index\n   mv         Move or rename a file, a directory, or a symlink\n   restore    Restore working tree files\n   rm         Remove files from the working tree and from the index\n\nexamine the history and state (see also: git help revisions)\n   bisect     Use binary search to find the commit that introduced a bug\n   diff       Show changes between commits, commit and working tree, etc\n   grep       Print lines matching a pattern\n   log        Show commit logs\n   show       Show various types of objects\n   status     Show the working tree status\n\ngrow, mark and tweak your common history\n   backfill   Download missing objects in a partial clone\n   branch     List, create, or delete branches\n   commit     Record changes to the repository\n   merge      Join two or more development histories together\n   rebase     Reapply commits on top of another base tip\n   reset      Set `HEAD` or the index to a known state\n   switch     Switch branches\n   tag        Create, list, delete or verify tags\n\ncollaborate (see also: git help workflows)\n   fetch      Download objects and refs from another repository\n   pull       Fetch from and integrate with another repository or a local branch\n   push       Update remote refs along with associated objects\n\n'git help -a' and 'git help -g' list available subcommands and some\nconcept guides. See 'git help <command>' or 'git help <concept>'\nto read about a specific subcommand or concept.\nSee 'git help git' for an overview of the system.\n""
[0m14:46:35.537410 [debug] [MainThread]: STDERR: "b''"
[0m14:46:35.538417 [info ] [MainThread]:  - git [[32mOK found[0m]

[0m14:46:35.539404 [info ] [MainThread]: Connection:
[0m14:46:35.540407 [info ] [MainThread]:   method: service-account
[0m14:46:35.542409 [info ] [MainThread]:   database: dbt-challenge-manuable
[0m14:46:35.543414 [info ] [MainThread]:   execution_project: dbt-challenge-manuable
[0m14:46:35.545407 [info ] [MainThread]:   schema: raw
[0m14:46:35.546406 [info ] [MainThread]:   location: EU
[0m14:46:35.548538 [info ] [MainThread]:   priority: interactive
[0m14:46:35.550979 [info ] [MainThread]:   maximum_bytes_billed: None
[0m14:46:35.552774 [info ] [MainThread]:   impersonate_service_account: None
[0m14:46:35.553783 [info ] [MainThread]:   job_retry_deadline_seconds: None
[0m14:46:35.554791 [info ] [MainThread]:   job_retries: 1
[0m14:46:35.555787 [info ] [MainThread]:   job_creation_timeout_seconds: None
[0m14:46:35.555787 [info ] [MainThread]:   job_execution_timeout_seconds: 300
[0m14:46:35.555787 [info ] [MainThread]:   timeout_seconds: 300
[0m14:46:35.558880 [info ] [MainThread]:   client_id: None
[0m14:46:35.559898 [info ] [MainThread]:   token_uri: None
[0m14:46:35.560890 [info ] [MainThread]:   compute_region: None
[0m14:46:35.561890 [info ] [MainThread]:   dataproc_cluster_name: None
[0m14:46:35.563434 [info ] [MainThread]:   gcs_bucket: None
[0m14:46:35.564772 [info ] [MainThread]:   dataproc_batch: None
[0m14:46:35.565792 [info ] [MainThread]: Registered adapter: bigquery=1.11.1
[0m14:46:36.053164 [debug] [MainThread]: Acquiring new bigquery connection 'debug'
[0m14:46:36.053164 [debug] [MainThread]: On debug: select 1 as id
[0m14:46:36.054914 [debug] [MainThread]: Opening a new connection, currently in state init
[0m14:46:39.928273 [debug] [MainThread]: BigQuery adapter: https://console.cloud.google.com/bigquery?project=dbt-challenge-manuable&j=bq:EU:7ec67095-e63c-4264-9826-efbd950c57e9&page=queryresults
[0m14:46:40.335428 [debug] [MainThread]: SQL status: OK in 0.408 seconds
[0m14:46:40.949429 [info ] [MainThread]:   Connection test: [[32mOK connection ok[0m]

[0m14:46:40.949429 [info ] [MainThread]: [31m1 check failed:[0m
[0m14:46:40.949429 [info ] [MainThread]: Project loading failed for the following reason:
 project path <C:\Users\mar_z\Desktop\dbt-challenge-manuable\dbt_project.yml> not found

[0m14:46:40.949429 [debug] [MainThread]: Command `dbt debug` failed at 14:46:40.949429 after 7.33 seconds
[0m14:46:40.949429 [debug] [MainThread]: Connection 'debug' was properly closed.
[0m14:46:40.949429 [debug] [MainThread]: Sending event: {'category': 'dbt', 'action': 'invocation', 'label': 'end', 'context': [<snowplow_tracker.self_describing_json.SelfDescribingJson object at 0x00000122514C21D0>, <snowplow_tracker.self_describing_json.SelfDescribingJson object at 0x00000122527D4E10>, <snowplow_tracker.self_describing_json.SelfDescribingJson object at 0x00000122527D5FD0>]}
[0m14:46:40.960144 [debug] [MainThread]: Flushing usage events
[0m14:46:41.563859 [debug] [MainThread]: An error was encountered while trying to flush usage events
